                                      1 ;--------------------------------------------------------
                                      2 ; File Created by SDCC : free open source ANSI-C Compiler
                                      3 ; Version 4.1.0 #12069 (Linux)
                                      4 ;--------------------------------------------------------
                                      5 	.module main
                                      6 	.optsdcc -mstm8
                                      7 	
                                      8 ;--------------------------------------------------------
                                      9 ; Public variables in this module
                                     10 ;--------------------------------------------------------
                                     11 	.globl _main
                                     12 	.globl _GPIO_WriteReverse
                                     13 	.globl _GPIO_Init
                                     14 	.globl _Delay
                                     15 ;--------------------------------------------------------
                                     16 ; ram data
                                     17 ;--------------------------------------------------------
                                     18 	.area DATA
                                     19 ;--------------------------------------------------------
                                     20 ; ram data
                                     21 ;--------------------------------------------------------
                                     22 	.area INITIALIZED
                                     23 ;--------------------------------------------------------
                                     24 ; Stack segment in internal ram 
                                     25 ;--------------------------------------------------------
                                     26 	.area	SSEG
      000000                         27 __start__stack:
      000000                         28 	.ds	1
                                     29 
                                     30 ;--------------------------------------------------------
                                     31 ; absolute external ram data
                                     32 ;--------------------------------------------------------
                                     33 	.area DABS (ABS)
                                     34 
                                     35 ; default segment ordering for linker
                                     36 	.area HOME
                                     37 	.area GSINIT
                                     38 	.area GSFINAL
                                     39 	.area CONST
                                     40 	.area INITIALIZER
                                     41 	.area CODE
                                     42 
                                     43 ;--------------------------------------------------------
                                     44 ; interrupt vector 
                                     45 ;--------------------------------------------------------
                                     46 	.area HOME
      000000                         47 __interrupt_vect:
      000000 82v00u00u00             48 	int s_GSINIT ; reset
                                     49 ;--------------------------------------------------------
                                     50 ; global & static initialisations
                                     51 ;--------------------------------------------------------
                                     52 	.area HOME
                                     53 	.area GSINIT
                                     54 	.area GSFINAL
                                     55 	.area GSINIT
      000000                         56 __sdcc_init_data:
                                     57 ; stm8_genXINIT() start
      000000 AEr00r00         [ 2]   58 	ldw x, #l_DATA
      000003 27 07            [ 1]   59 	jreq	00002$
      000005                         60 00001$:
      000005 72 4FuFFuFF      [ 1]   61 	clr (s_DATA - 1, x)
      000009 5A               [ 2]   62 	decw x
      00000A 26 F9            [ 1]   63 	jrne	00001$
      00000C                         64 00002$:
      00000C AEr00r00         [ 2]   65 	ldw	x, #l_INITIALIZER
      00000F 27 09            [ 1]   66 	jreq	00004$
      000011                         67 00003$:
      000011 D6uFFuFF         [ 1]   68 	ld	a, (s_INITIALIZER - 1, x)
      000014 D7uFFuFF         [ 1]   69 	ld	(s_INITIALIZED - 1, x), a
      000017 5A               [ 2]   70 	decw	x
      000018 26 F7            [ 1]   71 	jrne	00003$
      00001A                         72 00004$:
                                     73 ; stm8_genXINIT() end
                                     74 	.area GSFINAL
      000000 CCr00r04         [ 2]   75 	jp	__sdcc_program_startup
                                     76 ;--------------------------------------------------------
                                     77 ; Home
                                     78 ;--------------------------------------------------------
                                     79 	.area HOME
                                     80 	.area HOME
      000004                         81 __sdcc_program_startup:
      000004 CCr00r00         [ 2]   82 	jp	_main
                                     83 ;	return from main will return to caller
                                     84 ;--------------------------------------------------------
                                     85 ; code
                                     86 ;--------------------------------------------------------
                                     87 	.area CODE
                           000000    88 	G$main$0$0 ==.
                           000000    89 	C$main.c$9$0_0$347 ==.
                                     90 ;	./main.c: 9: int main(void)
                                     91 ; genLabel
                                     92 ;	-----------------------------------------
                                     93 ;	 function main
                                     94 ;	-----------------------------------------
                                     95 ;	Register assignment is optimal.
                                     96 ;	Stack space usage: 0 bytes.
      000000                         97 _main:
                           000000    98 	C$main.c$15$1_0$347 ==.
                                     99 ;	./main.c: 15: GPIO_Init(LED_GPIO_PORT, (GPIO_Pin_TypeDef)LED_GPIO_PINS, GPIO_MODE_OUT_PP_LOW_FAST);
                                    100 ; genIPush
      000000 4B E0            [ 1]  101 	push	#0xe0
                                    102 ; genIPush
      000002 4B 01            [ 1]  103 	push	#0x01
                                    104 ; genIPush
      000004 4B 0F            [ 1]  105 	push	#0x0f
      000006 4B 50            [ 1]  106 	push	#0x50
                                    107 ; genCall
      000008 CDr00r00         [ 4]  108 	call	_GPIO_Init
      00000B 5B 04            [ 2]  109 	addw	sp, #4
                           00000D   110 	C$main.c$17$1_0$347 ==.
                                    111 ;	./main.c: 17: while (1)
                                    112 ; genLabel
      00000D                        113 00102$:
                           00000D   114 	C$main.c$21$2_0$348 ==.
                                    115 ;	./main.c: 21: GPIO_WriteReverse(LED_GPIO_PORT, (GPIO_Pin_TypeDef)LED_GPIO_PINS);
                                    116 ; genIPush
      00000D 4B 01            [ 1]  117 	push	#0x01
                                    118 ; genIPush
      00000F 4B 0F            [ 1]  119 	push	#0x0f
      000011 4B 50            [ 1]  120 	push	#0x50
                                    121 ; genCall
      000013 CDr00r00         [ 4]  122 	call	_GPIO_WriteReverse
      000016 5B 03            [ 2]  123 	addw	sp, #3
                           000018   124 	C$main.c$22$2_0$348 ==.
                                    125 ;	./main.c: 22: Delay(0xFFFF);
                                    126 ; genIPush
      000018 4B FF            [ 1]  127 	push	#0xff
      00001A 4B FF            [ 1]  128 	push	#0xff
                                    129 ; genCall
      00001C CDr00r25         [ 4]  130 	call	_Delay
      00001F 5B 02            [ 2]  131 	addw	sp, #2
                                    132 ; genGoto
      000021 CCr00r0D         [ 2]  133 	jp	00102$
                                    134 ; genLabel
      000024                        135 00104$:
                           000024   136 	C$main.c$25$1_0$347 ==.
                                    137 ;	./main.c: 25: }
                                    138 ; genEndFunction
                           000024   139 	C$main.c$25$1_0$347 ==.
                           000024   140 	XG$main$0$0 ==.
      000024 81               [ 4]  141 	ret
                           000025   142 	G$Delay$0$0 ==.
                           000025   143 	C$main.c$27$1_0$350 ==.
                                    144 ;	./main.c: 27: void Delay(uint16_t nCount)
                                    145 ; genLabel
                                    146 ;	-----------------------------------------
                                    147 ;	 function Delay
                                    148 ;	-----------------------------------------
                                    149 ;	Register assignment is optimal.
                                    150 ;	Stack space usage: 0 bytes.
      000025                        151 _Delay:
                           000025   152 	C$main.c$30$1_0$350 ==.
                                    153 ;	./main.c: 30: while (nCount != 0)
                                    154 ; genAssign
      000025 1E 03            [ 2]  155 	ldw	x, (0x03, sp)
                                    156 ; genLabel
      000027                        157 00101$:
                                    158 ; genIfx
      000027 5D               [ 2]  159 	tnzw	x
      000028 26 03            [ 1]  160 	jrne	00117$
      00002A CCr00r31         [ 2]  161 	jp	00104$
      00002D                        162 00117$:
                           00002D   163 	C$main.c$32$2_0$351 ==.
                                    164 ;	./main.c: 32: nCount--;
                                    165 ; genMinus
      00002D 5A               [ 2]  166 	decw	x
                                    167 ; genGoto
      00002E CCr00r27         [ 2]  168 	jp	00101$
                                    169 ; genLabel
      000031                        170 00104$:
                           000031   171 	C$main.c$34$1_0$350 ==.
                                    172 ;	./main.c: 34: }
                                    173 ; genEndFunction
                           000031   174 	C$main.c$34$1_0$350 ==.
                           000031   175 	XG$Delay$0$0 ==.
      000031 81               [ 4]  176 	ret
                                    177 	.area CODE
                                    178 	.area CONST
                                    179 	.area INITIALIZER
                                    180 	.area CABS (ABS)
